<?xml version="1.0" encoding="UTF-8"?>
<!-- Generated by org.testng.reporters.JUnitReportReporter -->
<testsuite skipped="0" hostname="LAPTOP-HMJQ3PC0" name="testNG.testng_invocation" tests="6" failures="0" timestamp="2021-07-10T11:11:49 IST" time="0.072" errors="0">
  <testcase name="TC1" time="0.008" classname="testNG.testng_invocation"/>
  <system-out>
    <![CDATA[running test case1]]>
  </system-out>
  <testcase name="TC1" time="0.005" classname="testNG.testng_invocation"/>
  <system-out>
    <![CDATA[running test case1]]>
  </system-out>
  <testcase name="TC1" time="0.008" classname="testNG.testng_invocation"/>
  <system-out>
    <![CDATA[running test case1]]>
  </system-out>
  <testcase name="TC1" time="0.010" classname="testNG.testng_invocation"/>
  <system-out>
    <![CDATA[running test case1]]>
  </system-out>
  <testcase name="TC1" time="0.035" classname="testNG.testng_invocation"/>
  <system-out>
    <![CDATA[running test case1]]>
  </system-out>
  <testcase name="TC1" time="0.006" classname="testNG.testng_invocation"/>
  <system-out>
    <![CDATA[running test case1]]>
  </system-out>
</testsuite> <!-- testNG.testng_invocation -->
