<?xml version="1.0" encoding="UTF-8"?>
<!-- Generated by org.testng.reporters.JUnitReportReporter -->
<testsuite hostname="LAPTOP-HMJQ3PC0" failures="0" tests="3" name="POM_DDF_TESTNG_BaseClass_utilityClass.kite_test1$kite_testClass" time="10.185" errors="0" timestamp="2021-08-08T15:27:32 IST" skipped="0">
  <testcase classname="POM_DDF_TESTNG_BaseClass_utilityClass.kite_test1$kite_testClass" name="testScenario_enterOnlyUN" time="3.187"/>
  <system-out/>
  <testcase classname="POM_DDF_TESTNG_BaseClass_utilityClass.kite_test1$kite_testClass" name="testScenario_enterOnlyPSWD" time="3.511"/>
  <system-out/>
  <testcase classname="POM_DDF_TESTNG_BaseClass_utilityClass.kite_test1$kite_testClass" name="testScenario_clickOnLOginBtnONly" time="3.487"/>
  <system-out/>
</testsuite> <!-- POM_DDF_TESTNG_BaseClass_utilityClass.kite_test1$kite_testClass -->
