<?xml version="1.0" encoding="UTF-8"?>
<!-- Generated by org.testng.reporters.JUnitReportReporter -->
<testsuite skipped="0" hostname="LAPTOP-HMJQ3PC0" name="test_suite.sample2" tests="2" failures="0" timestamp="2021-07-20T13:03:02 IST" time="0.012" errors="0">
  <testcase name="TC3" time="0.006" classname="test_suite.sample2"/>
  <system-out>
    <![CDATA[running TC3]]>
  </system-out>
  <testcase name="TC4" time="0.006" classname="test_suite.sample2"/>
  <system-out>
    <![CDATA[running TC4]]>
  </system-out>
</testsuite> <!-- test_suite.sample2 -->
