<?xml version="1.0" encoding="UTF-8"?>
<!-- Generated by org.testng.reporters.JUnitReportReporter -->
<testsuite skipped="0" hostname="LAPTOP-HMJQ3PC0" name="practice_test_suite.testng_invocationCount" tests="10" failures="0" timestamp="2021-07-20T13:03:20 IST" time="0.032" errors="0">
  <testcase name="TC2" time="0.003" classname="practice_test_suite.testng_invocationCount"/>
  <system-out>
    <![CDATA[running test case2]]>
  </system-out>
  <testcase name="TC1" time="0.005" classname="practice_test_suite.testng_invocationCount"/>
  <system-out>
    <![CDATA[running test case1]]>
  </system-out>
  <testcase name="TC1" time="0.003" classname="practice_test_suite.testng_invocationCount"/>
  <system-out>
    <![CDATA[running test case1]]>
  </system-out>
  <testcase name="TC2" time="0.001" classname="practice_test_suite.testng_invocationCount"/>
  <system-out>
    <![CDATA[running test case2]]>
  </system-out>
  <testcase name="TC2" time="0.006" classname="practice_test_suite.testng_invocationCount"/>
  <system-out>
    <![CDATA[running test case2]]>
  </system-out>
  <testcase name="TC1" time="0.002" classname="practice_test_suite.testng_invocationCount"/>
  <system-out>
    <![CDATA[running test case1]]>
  </system-out>
  <testcase name="TC1" time="0.002" classname="practice_test_suite.testng_invocationCount"/>
  <system-out>
    <![CDATA[running test case1]]>
  </system-out>
  <testcase name="TC1" time="0.003" classname="practice_test_suite.testng_invocationCount"/>
  <system-out>
    <![CDATA[running test case1]]>
  </system-out>
  <testcase name="TC1" time="0.003" classname="practice_test_suite.testng_invocationCount"/>
  <system-out>
    <![CDATA[running test case1]]>
  </system-out>
  <testcase name="TC2" time="0.004" classname="practice_test_suite.testng_invocationCount"/>
  <system-out>
    <![CDATA[running test case2]]>
  </system-out>
</testsuite> <!-- practice_test_suite.testng_invocationCount -->
