<?xml version="1.0" encoding="UTF-8"?>
<!-- Generated by org.testng.reporters.JUnitReportReporter -->
<testsuite skipped="0" hostname="LAPTOP-HMJQ3PC0" name="testNG.testNG_DisableTC_include" tests="3" failures="0" timestamp="2021-07-16T14:13:08 IST" time="0.021" errors="0">
  <testcase name="TC1" time="0.016" classname="testNG.testNG_DisableTC_include"/>
  <system-out>
    <![CDATA[running TC1]]>
  </system-out>
  <testcase name="TC6" time="0.003" classname="testNG.testNG_DisableTC_include"/>
  <system-out>
    <![CDATA[running TC6]]>
  </system-out>
  <testcase name="TC4" time="0.002" classname="testNG.testNG_DisableTC_include"/>
  <system-out>
    <![CDATA[running TC4]]>
  </system-out>
</testsuite> <!-- testNG.testNG_DisableTC_include -->
