<?xml version="1.0" encoding="UTF-8"?>
<!-- Generated by org.testng.reporters.JUnitReportReporter -->
<testsuite skipped="0" hostname="LAPTOP-HMJQ3PC0" name="mock.aaa" tests="1" failures="0" timestamp="2021-07-10T11:05:36 IST" time="0.031" errors="0">
  <testcase name="m1" time="0.031" classname="mock.aaa"/>
  <system-out>
    <![CDATA[running m1]]>
  </system-out>
</testsuite> <!-- mock.aaa -->
