<?xml version="1.0" encoding="UTF-8"?>
<!-- Generated by org.testng.reporters.JUnitReportReporter -->
<testsuite skipped="0" hostname="LAPTOP-HMJQ3PC0" name="testNG.testNG" tests="2" failures="0" timestamp="2021-07-10T11:07:27 IST" time="0.023" errors="0">
  <testcase name="verifyPIN" time="0.013" classname="testNG.testNG"/>
  <system-out>
    <![CDATA[running verifyPIN TC]]>
  </system-out>
  <testcase name="verifyUserID" time="0.010" classname="testNG.testNG"/>
  <system-out>
    <![CDATA[running verifyUserID TC]]>
  </system-out>
</testsuite> <!-- testNG.testNG -->
