<?xml version="1.0" encoding="UTF-8"?>
<!-- Generated by org.testng.reporters.JUnitReportReporter -->
<testsuite skipped="0" hostname="LAPTOP-HMJQ3PC0" name="practice_test_suite.testNG_Priority" tests="3" failures="0" timestamp="2021-07-20T13:03:20 IST" time="0.010" errors="0">
  <testcase name="logputfromApp" time="0.001" classname="practice_test_suite.testNG_Priority"/>
  <system-out>
    <![CDATA[logout from application]]>
  </system-out>
  <testcase name="verifyUserID" time="0.001" classname="practice_test_suite.testNG_Priority"/>
  <system-out>
    <![CDATA[running verifyUserID TC]]>
  </system-out>
  <testcase name="verifyPIN" time="0.008" classname="practice_test_suite.testNG_Priority"/>
  <system-out>
    <![CDATA[running verifyPIN TC]]>
  </system-out>
</testsuite> <!-- practice_test_suite.testNG_Priority -->
