<?xml version="1.0" encoding="UTF-8"?>
<!-- Generated by org.testng.reporters.JUnitReportReporter -->
<testsuite skipped="0" hostname="LAPTOP-HMJQ3PC0" name="test_suite.sample1" tests="2" failures="0" timestamp="2021-07-20T13:03:02 IST" time="0.019" errors="0">
  <testcase name="TC1" time="0.016" classname="test_suite.sample1"/>
  <system-out>
    <![CDATA[running TC1]]>
  </system-out>
  <testcase name="TC2" time="0.003" classname="test_suite.sample1"/>
  <system-out>
    <![CDATA[running TC2]]>
  </system-out>
</testsuite> <!-- test_suite.sample1 -->
