<?xml version="1.0" encoding="UTF-8"?>
<!-- Generated by org.testng.reporters.JUnitReportReporter -->
<testsuite skipped="0" hostname="LAPTOP-HMJQ3PC0" name="test_suite.sample3" tests="2" failures="0" timestamp="2021-07-20T13:03:02 IST" time="0.011" errors="0">
  <testcase name="TC5" time="0.002" classname="test_suite.sample3"/>
  <system-out>
    <![CDATA[running TC5]]>
  </system-out>
  <testcase name="TC6" time="0.009" classname="test_suite.sample3"/>
  <system-out>
    <![CDATA[running TC6]]>
  </system-out>
</testsuite> <!-- test_suite.sample3 -->
