<?xml version="1.0" encoding="UTF-8"?>
<!-- Generated by org.testng.reporters.JUnitReportReporter -->
<testsuite skipped="1" hostname="LAPTOP-HMJQ3PC0" name="practice_test_suite.testNG_Enable" tests="3" failures="0" timestamp="2021-07-20T13:03:20 IST" time="0.018" errors="0">
  <testcase name="logputfromApp" time="0.016" classname="practice_test_suite.testNG_Enable"/>
  <system-out>
    <![CDATA[logout from application]]>
  </system-out>
  <testcase name="verifyUserID" time="0.002" classname="practice_test_suite.testNG_Enable"/>
  <system-out>
    <![CDATA[running verifyUserID TC]]>
  </system-out>
  <testcase name="verifyPIN" classname="practice_test_suite.testNG_Enable">
    <skipped/>
  </testcase> <!-- verifyPIN -->
  <system-out/>
</testsuite> <!-- practice_test_suite.testNG_Enable -->
