<?xml version="1.0" encoding="UTF-8"?>
<!-- Generated by org.testng.reporters.JUnitReportReporter -->
<testsuite skipped="0" hostname="LAPTOP-HMJQ3PC0" name="test_suite.testNG_parallel1" tests="1" failures="0" timestamp="2021-07-20T13:00:45 IST" time="16.405" errors="0">
  <testcase name="TC1" time="16.405" classname="test_suite.testNG_parallel1"/>
  <system-out/>
</testsuite> <!-- test_suite.testNG_parallel1 -->
