<?xml version="1.0" encoding="UTF-8"?>
<!-- Generated by org.testng.reporters.JUnitReportReporter -->
<testsuite skipped="0" hostname="LAPTOP-HMJQ3PC0" name="POM_DDF_testNG.kite_testClass" tests="1" failures="0" timestamp="2021-07-21T17:34:03 IST" time="5.550" errors="0">
  <testcase name="VerifyUserID" time="5.550" classname="POM_DDF_testNG.kite_testClass"/>
  <system-out/>
</testsuite> <!-- POM_DDF_testNG.kite_testClass -->
