<?xml version="1.0" encoding="UTF-8"?>
<!-- Generated by org.testng.reporters.JUnitReportReporter -->
<testsuite skipped="0" hostname="LAPTOP-HMJQ3PC0" name="testNG.testng_invocationCount" tests="10" failures="0" timestamp="2021-07-10T11:12:46 IST" time="0.053" errors="0">
  <testcase name="TC1" time="0.005" classname="testNG.testng_invocationCount"/>
  <system-out>
    <![CDATA[running test case1]]>
  </system-out>
  <testcase name="TC1" time="0.005" classname="testNG.testng_invocationCount"/>
  <system-out>
    <![CDATA[running test case1]]>
  </system-out>
  <testcase name="TC1" time="0.002" classname="testNG.testng_invocationCount"/>
  <system-out>
    <![CDATA[running test case1]]>
  </system-out>
  <testcase name="TC1" time="0.002" classname="testNG.testng_invocationCount"/>
  <system-out>
    <![CDATA[running test case1]]>
  </system-out>
  <testcase name="TC1" time="0.017" classname="testNG.testng_invocationCount"/>
  <system-out>
    <![CDATA[running test case1]]>
  </system-out>
  <testcase name="TC2" time="0.003" classname="testNG.testng_invocationCount"/>
  <system-out>
    <![CDATA[running test case2]]>
  </system-out>
  <testcase name="TC2" time="0.002" classname="testNG.testng_invocationCount"/>
  <system-out>
    <![CDATA[running test case2]]>
  </system-out>
  <testcase name="TC1" time="0.010" classname="testNG.testng_invocationCount"/>
  <system-out>
    <![CDATA[running test case1]]>
  </system-out>
  <testcase name="TC2" time="0.004" classname="testNG.testng_invocationCount"/>
  <system-out>
    <![CDATA[running test case2]]>
  </system-out>
  <testcase name="TC2" time="0.003" classname="testNG.testng_invocationCount"/>
  <system-out>
    <![CDATA[running test case2]]>
  </system-out>
</testsuite> <!-- testNG.testng_invocationCount -->
