<?xml version="1.0" encoding="UTF-8"?>
<!-- Generated by org.testng.reporters.JUnitReportReporter -->
<testsuite skipped="1" hostname="LAPTOP-HMJQ3PC0" name="testNG.testNG_Enable" tests="3" failures="0" timestamp="2021-07-10T11:16:09 IST" time="0.018" errors="0">
  <testcase name="logputfromApp" time="0.015" classname="testNG.testNG_Enable"/>
  <system-out>
    <![CDATA[logout from application]]>
  </system-out>
  <testcase name="verifyUserID" time="0.003" classname="testNG.testNG_Enable"/>
  <system-out>
    <![CDATA[running verifyUserID TC]]>
  </system-out>
  <testcase name="verifyPIN" classname="testNG.testNG_Enable">
    <skipped/>
  </testcase> <!-- verifyPIN -->
  <system-out/>
</testsuite> <!-- testNG.testNG_Enable -->
