<?xml version="1.0" encoding="UTF-8"?>
<!-- Generated by org.testng.reporters.JUnitReportReporter -->
<testsuite skipped="0" hostname="LAPTOP-HMJQ3PC0" name="testNG.example1_testNG_Keywords" tests="6" failures="0" timestamp="2021-07-10T11:21:16 IST" time="0.029" errors="0">
  <testcase name="verifyPSWD" time="0.009" classname="testNG.example1_testNG_Keywords"/>
  <system-out>
    <![CDATA[running verifyPSWD]]>
  </system-out>
  <testcase name="verifyUserID" time="0.003" classname="testNG.example1_testNG_Keywords"/>
  <system-out>
    <![CDATA[running verifyUserID TC]]>
  </system-out>
  <testcase name="verifyUserID" time="0.004" classname="testNG.example1_testNG_Keywords"/>
  <system-out>
    <![CDATA[running verifyUserID TC]]>
  </system-out>
  <testcase name="verifyPIN" time="0.004" classname="testNG.example1_testNG_Keywords"/>
  <system-out>
    <![CDATA[running verifyPIN TC]]>
  </system-out>
  <testcase name="verifyPIN" time="0.004" classname="testNG.example1_testNG_Keywords"/>
  <system-out>
    <![CDATA[running verifyPIN TC]]>
  </system-out>
  <testcase name="verifyPIN" time="0.005" classname="testNG.example1_testNG_Keywords"/>
  <system-out>
    <![CDATA[running verifyPIN TC]]>
  </system-out>
</testsuite> <!-- testNG.example1_testNG_Keywords -->
