<?xml version="1.0" encoding="UTF-8"?>
<!-- Generated by org.testng.reporters.JUnitReportReporter -->
<testsuite skipped="0" hostname="LAPTOP-HMJQ3PC0" name="verification_assertion.example_assertNotEquals" tests="1" failures="0" timestamp="2021-07-16T14:55:50 IST" time="0.011" errors="0">
  <testcase name="TC1" time="0.011" classname="verification_assertion.example_assertNotEquals"/>
  <system-out/>
</testsuite> <!-- verification_assertion.example_assertNotEquals -->
