<?xml version="1.0" encoding="UTF-8"?>
<!-- Generated by org.testng.reporters.JUnitReportReporter -->
<testsuite skipped="0" hostname="LAPTOP-HMJQ3PC0" name="testNG.testNG_Grouping1" tests="3" failures="0" timestamp="2021-07-20T13:24:34 IST" time="0.009" errors="0">
  <testcase name="TC1" time="0.003" classname="testNG.testNG_Grouping1"/>
  <system-out>
    <![CDATA[running TC1]]>
  </system-out>
  <testcase name="TC3" time="0.003" classname="testNG.testNG_Grouping1"/>
  <system-out>
    <![CDATA[running TC3]]>
  </system-out>
  <testcase name="TC4" time="0.003" classname="testNG.testNG_Grouping1"/>
  <system-out>
    <![CDATA[running TC4]]>
  </system-out>
</testsuite> <!-- testNG.testNG_Grouping1 -->
