<?xml version="1.0" encoding="UTF-8"?>
<!-- Generated by org.testng.reporters.JUnitReportReporter -->
<testsuite skipped="0" hostname="LAPTOP-HMJQ3PC0" name="testNG" tests="2" failures="0" timestamp="2021-07-09T21:51:50 IST" time="0.012" errors="0">
  <testcase name="verifyPIN" time="0.009" classname="testNG"/>
  <system-out>
    <![CDATA[running verifyPIN TC]]>
  </system-out>
  <testcase name="verifyUserID" time="0.003" classname="testNG"/>
  <system-out>
    <![CDATA[running verifyUserID TC]]>
  </system-out>
</testsuite> <!-- testNG -->
