<?xml version="1.0" encoding="UTF-8"?>
<!-- Generated by org.testng.reporters.JUnitReportReporter -->
<testsuite skipped="0" hostname="LAPTOP-HMJQ3PC0" name="testNG.testNg_dependsOnMethods1" tests="3" failures="0" timestamp="2021-07-13T11:40:47 IST" time="0.024" errors="0">
  <testcase name="verifyPIN" time="0.020" classname="testNG.testNg_dependsOnMethods1"/>
  <system-out>
    <![CDATA[running verifyPIN TC]]>
  </system-out>
  <testcase name="verifyUserID" time="0.002" classname="testNG.testNg_dependsOnMethods1"/>
  <system-out>
    <![CDATA[running verifyUserID TC]]>
  </system-out>
  <testcase name="logputfromApp" time="0.002" classname="testNG.testNg_dependsOnMethods1"/>
  <system-out>
    <![CDATA[logout from application]]>
  </system-out>
</testsuite> <!-- testNG.testNg_dependsOnMethods1 -->
